{
  "uid" : "f70b8e1779892540",
  "name" : "Utilizar credenciales no válidas",
  "fullName" : "tests.IncorrectLogin.incorrectLoginTest",
  "historyId" : "6911cc5dc8b191c370352720f18f7e38",
  "time" : {
    "start" : 1674597936136,
    "stop" : 1674597999294,
    "duration" : 63158
  },
  "description" : "Introducir credenciales no validas en la página de login",
  "descriptionHtml" : "<p>Introducir credenciales no validas en la página de login</p>\n",
  "status" : "failed",
  "statusMessage" : "Expected condition failed: waiting for visibility of Proxy element for: DefaultElementLocator 'By.xpath: //h3[contains(text(),'Epic sadface: Username and password do not match any user in this service')]' (tried for 60 second(s) with 500 milliseconds interval)",
  "statusTrace" : "java.lang.AssertionError: Expected condition failed: waiting for visibility of Proxy element for: DefaultElementLocator 'By.xpath: //h3[contains(text(),'Epic sadface: Username and password do not match any user in this service')]' (tried for 60 second(s) with 500 milliseconds interval)\r\n\tat org.testng.Assert.fail(Assert.java:99)\r\n\tat core.PageBase.waitForVisibility(PageBase.java:43)\r\n\tat core.PageBase.compareText(PageBase.java:80)\r\n\tat pages.LoginPage.wrongLogin(LoginPage.java:37)\r\n\tat tests.IncorrectLogin.incorrectLoginTest(IncorrectLogin.java:35)\r\n\tat java.base/jdk.internal.reflect.NativeMethodAccessorImpl.invoke0(Native Method)\r\n\tat java.base/jdk.internal.reflect.NativeMethodAccessorImpl.invoke(NativeMethodAccessorImpl.java:62)\r\n\tat java.base/jdk.internal.reflect.DelegatingMethodAccessorImpl.invoke(DelegatingMethodAccessorImpl.java:43)\r\n\tat java.base/java.lang.reflect.Method.invoke(Method.java:566)\r\n\tat org.testng.internal.MethodInvocationHelper.invokeMethod(MethodInvocationHelper.java:133)\r\n\tat org.testng.internal.TestInvoker.invokeMethod(TestInvoker.java:598)\r\n\tat org.testng.internal.TestInvoker.invokeTestMethod(TestInvoker.java:173)\r\n\tat org.testng.internal.MethodRunner.runInSequence(MethodRunner.java:46)\r\n\tat org.testng.internal.TestInvoker$MethodInvocationAgent.invoke(TestInvoker.java:824)\r\n\tat org.testng.internal.TestInvoker.invokeTestMethods(TestInvoker.java:146)\r\n\tat org.testng.internal.TestMethodWorker.invokeTestMethods(TestMethodWorker.java:146)\r\n\tat org.testng.internal.TestMethodWorker.run(TestMethodWorker.java:128)\r\n\tat java.base/java.util.ArrayList.forEach(ArrayList.java:1541)\r\n\tat org.testng.TestRunner.privateRun(TestRunner.java:794)\r\n\tat org.testng.TestRunner.run(TestRunner.java:596)\r\n\tat org.testng.SuiteRunner.runTest(SuiteRunner.java:377)\r\n\tat org.testng.SuiteRunner.runSequentially(SuiteRunner.java:371)\r\n\tat org.testng.SuiteRunner.privateRun(SuiteRunner.java:332)\r\n\tat org.testng.SuiteRunner.run(SuiteRunner.java:276)\r\n\tat org.testng.SuiteRunnerWorker.runSuite(SuiteRunnerWorker.java:53)\r\n\tat org.testng.SuiteRunnerWorker.run(SuiteRunnerWorker.java:96)\r\n\tat org.testng.TestNG.runSuitesSequentially(TestNG.java:1212)\r\n\tat org.testng.TestNG.runSuitesLocally(TestNG.java:1134)\r\n\tat org.testng.TestNG.runSuites(TestNG.java:1063)\r\n\tat org.testng.TestNG.run(TestNG.java:1031)\r\n\tat com.intellij.rt.testng.IDEARemoteTestNG.run(IDEARemoteTestNG.java:66)\r\n\tat com.intellij.rt.testng.RemoteTestNGStarter.main(RemoteTestNGStarter.java:109)\r\n",
  "flaky" : false,
  "newFailed" : false,
  "newBroken" : false,
  "newPassed" : false,
  "retriesCount" : 1,
  "retriesStatusChange" : false,
  "beforeStages" : [ {
    "name" : "disableAutoLogin",
    "time" : {
      "start" : 1674597934026,
      "stop" : 1674597934027,
      "duration" : 1
    },
    "description" : "",
    "status" : "passed",
    "steps" : [ ],
    "attachments" : [ ],
    "parameters" : [ ],
    "attachmentsCount" : 0,
    "shouldDisplayMessage" : false,
    "hasContent" : false,
    "stepsCount" : 0
  }, {
    "name" : "setUp",
    "time" : {
      "start" : 1674597934031,
      "stop" : 1674597936124,
      "duration" : 2093
    },
    "description" : "",
    "status" : "passed",
    "steps" : [ ],
    "attachments" : [ ],
    "parameters" : [ ],
    "attachmentsCount" : 0,
    "shouldDisplayMessage" : false,
    "hasContent" : false,
    "stepsCount" : 0
  } ],
  "testStage" : {
    "description" : "Introducir credenciales no validas en la página de login",
    "status" : "failed",
    "statusMessage" : "Expected condition failed: waiting for visibility of Proxy element for: DefaultElementLocator 'By.xpath: //h3[contains(text(),'Epic sadface: Username and password do not match any user in this service')]' (tried for 60 second(s) with 500 milliseconds interval)",
    "statusTrace" : "java.lang.AssertionError: Expected condition failed: waiting for visibility of Proxy element for: DefaultElementLocator 'By.xpath: //h3[contains(text(),'Epic sadface: Username and password do not match any user in this service')]' (tried for 60 second(s) with 500 milliseconds interval)\r\n\tat org.testng.Assert.fail(Assert.java:99)\r\n\tat core.PageBase.waitForVisibility(PageBase.java:43)\r\n\tat core.PageBase.compareText(PageBase.java:80)\r\n\tat pages.LoginPage.wrongLogin(LoginPage.java:37)\r\n\tat tests.IncorrectLogin.incorrectLoginTest(IncorrectLogin.java:35)\r\n\tat java.base/jdk.internal.reflect.NativeMethodAccessorImpl.invoke0(Native Method)\r\n\tat java.base/jdk.internal.reflect.NativeMethodAccessorImpl.invoke(NativeMethodAccessorImpl.java:62)\r\n\tat java.base/jdk.internal.reflect.DelegatingMethodAccessorImpl.invoke(DelegatingMethodAccessorImpl.java:43)\r\n\tat java.base/java.lang.reflect.Method.invoke(Method.java:566)\r\n\tat org.testng.internal.MethodInvocationHelper.invokeMethod(MethodInvocationHelper.java:133)\r\n\tat org.testng.internal.TestInvoker.invokeMethod(TestInvoker.java:598)\r\n\tat org.testng.internal.TestInvoker.invokeTestMethod(TestInvoker.java:173)\r\n\tat org.testng.internal.MethodRunner.runInSequence(MethodRunner.java:46)\r\n\tat org.testng.internal.TestInvoker$MethodInvocationAgent.invoke(TestInvoker.java:824)\r\n\tat org.testng.internal.TestInvoker.invokeTestMethods(TestInvoker.java:146)\r\n\tat org.testng.internal.TestMethodWorker.invokeTestMethods(TestMethodWorker.java:146)\r\n\tat org.testng.internal.TestMethodWorker.run(TestMethodWorker.java:128)\r\n\tat java.base/java.util.ArrayList.forEach(ArrayList.java:1541)\r\n\tat org.testng.TestRunner.privateRun(TestRunner.java:794)\r\n\tat org.testng.TestRunner.run(TestRunner.java:596)\r\n\tat org.testng.SuiteRunner.runTest(SuiteRunner.java:377)\r\n\tat org.testng.SuiteRunner.runSequentially(SuiteRunner.java:371)\r\n\tat org.testng.SuiteRunner.privateRun(SuiteRunner.java:332)\r\n\tat org.testng.SuiteRunner.run(SuiteRunner.java:276)\r\n\tat org.testng.SuiteRunnerWorker.runSuite(SuiteRunnerWorker.java:53)\r\n\tat org.testng.SuiteRunnerWorker.run(SuiteRunnerWorker.java:96)\r\n\tat org.testng.TestNG.runSuitesSequentially(TestNG.java:1212)\r\n\tat org.testng.TestNG.runSuitesLocally(TestNG.java:1134)\r\n\tat org.testng.TestNG.runSuites(TestNG.java:1063)\r\n\tat org.testng.TestNG.run(TestNG.java:1031)\r\n\tat com.intellij.rt.testng.IDEARemoteTestNG.run(IDEARemoteTestNG.java:66)\r\n\tat com.intellij.rt.testng.RemoteTestNGStarter.main(RemoteTestNGStarter.java:109)\r\n",
    "steps" : [ {
      "name" : "ingresando usuario y contraseña",
      "time" : {
        "start" : 1674597937979,
        "stop" : 1674597998800,
        "duration" : 60821
      },
      "status" : "failed",
      "statusMessage" : "Expected condition failed: waiting for visibility of Proxy element for: DefaultElementLocator 'By.xpath: //h3[contains(text(),'Epic sadface: Username and password do not match any user in this service')]' (tried for 60 second(s) with 500 milliseconds interval)",
      "statusTrace" : "java.lang.AssertionError: Expected condition failed: waiting for visibility of Proxy element for: DefaultElementLocator 'By.xpath: //h3[contains(text(),'Epic sadface: Username and password do not match any user in this service')]' (tried for 60 second(s) with 500 milliseconds interval)\r\n\tat org.testng.Assert.fail(Assert.java:99)\r\n\tat core.PageBase.waitForVisibility(PageBase.java:43)\r\n\tat core.PageBase.compareText(PageBase.java:80)\r\n\tat pages.LoginPage.wrongLogin(LoginPage.java:37)\r\n\tat tests.IncorrectLogin.incorrectLoginTest(IncorrectLogin.java:35)\r\n\tat java.base/jdk.internal.reflect.NativeMethodAccessorImpl.invoke0(Native Method)\r\n\tat java.base/jdk.internal.reflect.NativeMethodAccessorImpl.invoke(NativeMethodAccessorImpl.java:62)\r\n\tat java.base/jdk.internal.reflect.DelegatingMethodAccessorImpl.invoke(DelegatingMethodAccessorImpl.java:43)\r\n\tat java.base/java.lang.reflect.Method.invoke(Method.java:566)\r\n\tat org.testng.internal.MethodInvocationHelper.invokeMethod(MethodInvocationHelper.java:133)\r\n\tat org.testng.internal.TestInvoker.invokeMethod(TestInvoker.java:598)\r\n\tat org.testng.internal.TestInvoker.invokeTestMethod(TestInvoker.java:173)\r\n\tat org.testng.internal.MethodRunner.runInSequence(MethodRunner.java:46)\r\n\tat org.testng.internal.TestInvoker$MethodInvocationAgent.invoke(TestInvoker.java:824)\r\n\tat org.testng.internal.TestInvoker.invokeTestMethods(TestInvoker.java:146)\r\n\tat org.testng.internal.TestMethodWorker.invokeTestMethods(TestMethodWorker.java:146)\r\n\tat org.testng.internal.TestMethodWorker.run(TestMethodWorker.java:128)\r\n\tat java.base/java.util.ArrayList.forEach(ArrayList.java:1541)\r\n\tat org.testng.TestRunner.privateRun(TestRunner.java:794)\r\n\tat org.testng.TestRunner.run(TestRunner.java:596)\r\n\tat org.testng.SuiteRunner.runTest(SuiteRunner.java:377)\r\n\tat org.testng.SuiteRunner.runSequentially(SuiteRunner.java:371)\r\n\tat org.testng.SuiteRunner.privateRun(SuiteRunner.java:332)\r\n\tat org.testng.SuiteRunner.run(SuiteRunner.java:276)\r\n\tat org.testng.SuiteRunnerWorker.runSuite(SuiteRunnerWorker.java:53)\r\n\tat org.testng.SuiteRunnerWorker.run(SuiteRunnerWorker.java:96)\r\n\tat org.testng.TestNG.runSuitesSequentially(TestNG.java:1212)\r\n\tat org.testng.TestNG.runSuitesLocally(TestNG.java:1134)\r\n\tat org.testng.TestNG.runSuites(TestNG.java:1063)\r\n\tat org.testng.TestNG.run(TestNG.java:1031)\r\n\tat com.intellij.rt.testng.IDEARemoteTestNG.run(IDEARemoteTestNG.java:66)\r\n\tat com.intellij.rt.testng.RemoteTestNGStarter.main(RemoteTestNGStarter.java:109)\r\n",
      "steps" : [ ],
      "attachments" : [ ],
      "parameters" : [ {
        "name" : "customer",
        "value" : "Customer(incorrectUser=standard_user, incorrectPassword=secret_sauce, customerName=Albert, customerLastname=Thomas, zipCode=1111)"
      } ],
      "attachmentsCount" : 0,
      "shouldDisplayMessage" : true,
      "hasContent" : true,
      "stepsCount" : 0
    } ],
    "attachments" : [ {
      "uid" : "8a633cdce7c8e94f",
      "name" : "page screenshot",
      "source" : "8a633cdce7c8e94f.png",
      "type" : "image/png",
      "size" : 462486
    }, {
      "uid" : "359209a9e6549aa7",
      "name" : "Browser Log",
      "source" : "359209a9e6549aa7.bin",
      "type" : "text/plain",
      "size" : 0
    }, {
      "uid" : "1db6f1c57c19a36e",
      "name" : "Exception_Log",
      "source" : "1db6f1c57c19a36e.txt",
      "type" : "text/plain",
      "size" : 260
    } ],
    "parameters" : [ ],
    "attachmentsCount" : 3,
    "shouldDisplayMessage" : false,
    "hasContent" : true,
    "stepsCount" : 1
  },
  "afterStages" : [ {
    "name" : "tearDown",
    "time" : {
      "start" : 1674598012921,
      "stop" : 1674598014264,
      "duration" : 1343
    },
    "description" : "",
    "status" : "passed",
    "steps" : [ ],
    "attachments" : [ ],
    "parameters" : [ ],
    "attachmentsCount" : 0,
    "shouldDisplayMessage" : false,
    "hasContent" : false,
    "stepsCount" : 0
  } ],
  "labels" : [ {
    "name" : "package",
    "value" : "tests.IncorrectLogin"
  }, {
    "name" : "testClass",
    "value" : "tests.IncorrectLogin"
  }, {
    "name" : "testMethod",
    "value" : "incorrectLoginTest"
  }, {
    "name" : "parentSuite",
    "value" : "Suite"
  }, {
    "name" : "suite",
    "value" : "Test"
  }, {
    "name" : "subSuite",
    "value" : "tests.IncorrectLogin"
  }, {
    "name" : "host",
    "value" : "LAPTOP-7B3LLLRV"
  }, {
    "name" : "thread",
    "value" : "29364@LAPTOP-7B3LLLRV.main(1)"
  }, {
    "name" : "framework",
    "value" : "testng"
  }, {
    "name" : "language",
    "value" : "java"
  }, {
    "name" : "severity",
    "value" : "normal"
  }, {
    "name" : "resultFormat",
    "value" : "allure2"
  } ],
  "parameters" : [ ],
  "links" : [ ],
  "hidden" : false,
  "retry" : false,
  "extra" : {
    "severity" : "normal",
    "retries" : [ {
      "uid" : "739e19377d16cb74",
      "status" : "failed",
      "statusDetails" : "Expected condition failed: waiting for visibility of Proxy element for: DefaultElementLocator 'By.xpath: //h3[contains(text(),'Epic sadface: Username and password do not match any user in this service')]' (tried for 60 second(s) with 500 milliseconds interval)",
      "time" : {
        "start" : 1674594199708,
        "stop" : 1674594263802,
        "duration" : 64094
      }
    } ],
    "categories" : [ {
      "name" : "Product defects",
      "matchedStatuses" : [ ],
      "flaky" : false
    } ],
    "history" : {
      "statistic" : {
        "failed" : 3,
        "broken" : 0,
        "skipped" : 0,
        "passed" : 0,
        "unknown" : 0,
        "total" : 3
      },
      "items" : [ {
        "uid" : "8abc76db718fe573",
        "status" : "failed",
        "statusDetails" : "Expected condition failed: waiting for visibility of Proxy element for: DefaultElementLocator 'By.xpath: //h3[contains(text(),'Epic sadface: Username and password do not match any user in this service')]' (tried for 60 second(s) with 500 milliseconds interval)",
        "time" : {
          "start" : 1674597936136,
          "stop" : 1674597999294,
          "duration" : 63158
        }
      }, {
        "uid" : "9a28669a6b6066cb",
        "status" : "failed",
        "statusDetails" : "Expected condition failed: waiting for visibility of Proxy element for: DefaultElementLocator 'By.xpath: //h3[contains(text(),'Epic sadface: Username and password do not match any user in this service')]' (tried for 60 second(s) with 500 milliseconds interval)",
        "time" : {
          "start" : 1674594199708,
          "stop" : 1674594263802,
          "duration" : 64094
        }
      } ]
    },
    "tags" : [ ]
  },
  "source" : "f70b8e1779892540.json",
  "parameterValues" : [ ]
}